2022.07.09 10:24:26 CST INFO  org.hibernate.validator.internal.util.Version 21 <clinit> - HV000001: Hibernate Validator 6.0.10.Final
2022.07.09 10:24:26 CST INFO  org.springframework.boot.StartupInfoLogger 55 logStarting - Starting ApiApplication using Java 18.0.1.1 on SC-202203161458 with PID 5808 (F:\soft\github\service-api-spring-boot\api\target\classes started by Administrator in F:\soft\github\service-api-spring-boot)
2022.07.09 10:24:26 CST INFO  org.springframework.boot.SpringApplication 640 logStartupProfileInfo - The following 7 profiles are active: "i18n", "redis", "jpa", "datasource", "jwt", "swagger", "dev"
2022.07.09 10:24:27 CST INFO  org.springframework.boot.logging.DeferredLog 255 logTo - Devtools property defaults active! Set 'spring.devtools.add-properties' to 'false' to disable
2022.07.09 10:24:27 CST INFO  org.springframework.boot.logging.DeferredLog 255 logTo - For additional web related logging consider setting the 'logging.level.web' property to 'DEBUG'
2022.07.09 10:24:30 CST INFO  org.springframework.data.repository.config.RepositoryConfigurationDelegate 262 multipleStoresDetected - Multiple Spring Data modules found, entering strict repository configuration mode!
2022.07.09 10:24:30 CST INFO  org.springframework.data.repository.config.RepositoryConfigurationDelegate 132 registerRepositoriesIn - Bootstrapping Spring Data Redis repositories in DEFAULT mode.
2022.07.09 10:24:30 CST INFO  org.springframework.data.repository.config.RepositoryConfigurationDelegate 201 registerRepositoriesIn - Finished Spring Data repository scanning in 80 ms. Found 0 Redis repository interfaces.
2022.07.09 10:24:36 CST INFO  org.springframework.boot.web.embedded.tomcat.TomcatWebServer 108 initialize - Tomcat initialized with port(s): 83 (http)
2022.07.09 10:24:36 CST INFO  org.apache.juli.logging.DirectJDKLog 173 log - Initializing ProtocolHandler ["http-nio-83"]
2022.07.09 10:24:36 CST INFO  org.apache.juli.logging.DirectJDKLog 173 log - Starting service [Tomcat]
2022.07.09 10:24:36 CST INFO  org.apache.juli.logging.DirectJDKLog 173 log - Starting Servlet engine: [Apache Tomcat/9.0.63]
2022.07.09 10:24:36 CST INFO  org.apache.juli.logging.DirectJDKLog 173 log - Initializing Spring embedded WebApplicationContext
2022.07.09 10:24:36 CST INFO  org.springframework.boot.web.servlet.context.ServletWebServerApplicationContext 292 prepareWebApplicationContext - Root WebApplicationContext: initialization completed in 9644 ms
2022.07.09 10:24:36 CST INFO  org.springframework.beans.factory.annotation.AutowiredAnnotationBeanPostProcessor 478 lambda$buildAutowiringMetadata$1 - Autowired annotation is not supported on static fields: public static org.springframework.context.MessageSource com.myadream.app.qiyang.service.utils.I18nMessageUtil.messageSource
2022.07.09 10:24:38 CST INFO  org.springframework.boot.devtools.autoconfigure.OptionalLiveReloadServer 58 startServer - LiveReload server is running on port 35729
2022.07.09 10:24:38 CST WARN  com.github.xiaoymin.knife4j.spring.extension.OpenApiExtensionResolver 142 readLocations - (Ignores) Failed to read Markdown files,Error Message:class path resource [sign/] cannot be resolved to URL because it does not exist 
2022.07.09 10:24:39 CST INFO  org.apache.juli.logging.DirectJDKLog 173 log - Starting ProtocolHandler ["http-nio-83"]
2022.07.09 10:24:39 CST INFO  org.springframework.boot.web.embedded.tomcat.TomcatWebServer 220 start - Tomcat started on port(s): 83 (http) with context path '/api'
2022.07.09 10:24:39 CST INFO  org.springframework.boot.StartupInfoLogger 61 logStarted - Started ApiApplication in 13.787 seconds (JVM running for 17.079)
2022.07.09 11:00:09 CST INFO  org.hibernate.validator.internal.util.Version 21 <clinit> - HV000001: Hibernate Validator 6.0.10.Final
2022.07.09 11:00:09 CST INFO  org.springframework.boot.StartupInfoLogger 55 logStarting - Starting ApiApplication using Java 18.0.1.1 on SC-202203161458 with PID 9780 (F:\soft\github\service-api-spring-boot\api\target\classes started by Administrator in F:\soft\github\service-api-spring-boot)
2022.07.09 11:00:09 CST INFO  org.springframework.boot.SpringApplication 640 logStartupProfileInfo - The following 7 profiles are active: "i18n", "redis", "jpa", "datasource", "jwt", "swagger", "dev"
2022.07.09 11:00:09 CST INFO  org.springframework.boot.logging.DeferredLog 255 logTo - Devtools property defaults active! Set 'spring.devtools.add-properties' to 'false' to disable
2022.07.09 11:00:09 CST INFO  org.springframework.boot.logging.DeferredLog 255 logTo - For additional web related logging consider setting the 'logging.level.web' property to 'DEBUG'
2022.07.09 11:00:10 CST INFO  org.springframework.data.repository.config.RepositoryConfigurationDelegate 262 multipleStoresDetected - Multiple Spring Data modules found, entering strict repository configuration mode!
2022.07.09 11:00:10 CST INFO  org.springframework.data.repository.config.RepositoryConfigurationDelegate 132 registerRepositoriesIn - Bootstrapping Spring Data Redis repositories in DEFAULT mode.
2022.07.09 11:00:10 CST INFO  org.springframework.data.repository.config.RepositoryConfigurationDelegate 201 registerRepositoriesIn - Finished Spring Data repository scanning in 7 ms. Found 0 Redis repository interfaces.
2022.07.09 11:00:12 CST INFO  org.springframework.boot.web.embedded.tomcat.TomcatWebServer 108 initialize - Tomcat initialized with port(s): 83 (http)
2022.07.09 11:00:12 CST INFO  org.apache.juli.logging.DirectJDKLog 173 log - Initializing ProtocolHandler ["http-nio-83"]
2022.07.09 11:00:12 CST INFO  org.apache.juli.logging.DirectJDKLog 173 log - Starting service [Tomcat]
2022.07.09 11:00:12 CST INFO  org.apache.juli.logging.DirectJDKLog 173 log - Starting Servlet engine: [Apache Tomcat/9.0.63]
2022.07.09 11:00:12 CST INFO  org.apache.juli.logging.DirectJDKLog 173 log - Initializing Spring embedded WebApplicationContext
2022.07.09 11:00:12 CST INFO  org.springframework.boot.web.servlet.context.ServletWebServerApplicationContext 292 prepareWebApplicationContext - Root WebApplicationContext: initialization completed in 3039 ms
2022.07.09 11:00:12 CST INFO  org.springframework.beans.factory.annotation.AutowiredAnnotationBeanPostProcessor 478 lambda$buildAutowiringMetadata$1 - Autowired annotation is not supported on static fields: public static org.springframework.context.MessageSource com.myadream.app.qiyang.service.utils.I18nMessageUtil.messageSource
2022.07.09 11:00:14 CST INFO  org.springframework.boot.devtools.autoconfigure.OptionalLiveReloadServer 58 startServer - LiveReload server is running on port 35729
2022.07.09 11:00:14 CST WARN  com.github.xiaoymin.knife4j.spring.extension.OpenApiExtensionResolver 142 readLocations - (Ignores) Failed to read Markdown files,Error Message:class path resource [sign/] cannot be resolved to URL because it does not exist 
2022.07.09 11:00:15 CST INFO  org.apache.juli.logging.DirectJDKLog 173 log - Starting ProtocolHandler ["http-nio-83"]
2022.07.09 11:00:15 CST INFO  org.springframework.boot.web.embedded.tomcat.TomcatWebServer 220 start - Tomcat started on port(s): 83 (http) with context path '/api'
2022.07.09 11:00:15 CST INFO  org.springframework.boot.StartupInfoLogger 61 logStarted - Started ApiApplication in 6.698 seconds (JVM running for 9.316)
2022.07.09 11:00:42 CST INFO  org.hibernate.validator.internal.util.Version 21 <clinit> - HV000001: Hibernate Validator 6.0.10.Final
2022.07.09 11:00:42 CST INFO  org.springframework.boot.StartupInfoLogger 55 logStarting - Starting ApiApplication using Java 18.0.1.1 on SC-202203161458 with PID 17944 (F:\soft\github\service-api-spring-boot\api\target\classes started by Administrator in F:\soft\github\service-api-spring-boot)
2022.07.09 11:00:42 CST INFO  org.springframework.boot.SpringApplication 640 logStartupProfileInfo - The following 7 profiles are active: "i18n", "redis", "jpa", "datasource", "jwt", "swagger", "dev"
2022.07.09 11:00:42 CST INFO  org.springframework.boot.logging.DeferredLog 255 logTo - Devtools property defaults active! Set 'spring.devtools.add-properties' to 'false' to disable
2022.07.09 11:00:42 CST INFO  org.springframework.boot.logging.DeferredLog 255 logTo - For additional web related logging consider setting the 'logging.level.web' property to 'DEBUG'
2022.07.09 11:00:44 CST INFO  org.springframework.data.repository.config.RepositoryConfigurationDelegate 262 multipleStoresDetected - Multiple Spring Data modules found, entering strict repository configuration mode!
2022.07.09 11:00:44 CST INFO  org.springframework.data.repository.config.RepositoryConfigurationDelegate 132 registerRepositoriesIn - Bootstrapping Spring Data Redis repositories in DEFAULT mode.
2022.07.09 11:00:44 CST INFO  org.springframework.data.repository.config.RepositoryConfigurationDelegate 201 registerRepositoriesIn - Finished Spring Data repository scanning in 9 ms. Found 0 Redis repository interfaces.
2022.07.09 11:00:46 CST INFO  org.springframework.boot.web.embedded.tomcat.TomcatWebServer 108 initialize - Tomcat initialized with port(s): 83 (http)
2022.07.09 11:00:46 CST INFO  org.apache.juli.logging.DirectJDKLog 173 log - Initializing ProtocolHandler ["http-nio-83"]
2022.07.09 11:00:46 CST INFO  org.apache.juli.logging.DirectJDKLog 173 log - Starting service [Tomcat]
2022.07.09 11:00:46 CST INFO  org.apache.juli.logging.DirectJDKLog 173 log - Starting Servlet engine: [Apache Tomcat/9.0.63]
2022.07.09 11:00:46 CST INFO  org.apache.juli.logging.DirectJDKLog 173 log - Initializing Spring embedded WebApplicationContext
2022.07.09 11:00:46 CST INFO  org.springframework.boot.web.servlet.context.ServletWebServerApplicationContext 292 prepareWebApplicationContext - Root WebApplicationContext: initialization completed in 3478 ms
2022.07.09 11:00:46 CST INFO  org.springframework.beans.factory.annotation.AutowiredAnnotationBeanPostProcessor 478 lambda$buildAutowiringMetadata$1 - Autowired annotation is not supported on static fields: public static org.springframework.context.MessageSource com.myadream.app.qiyang.service.utils.I18nMessageUtil.messageSource
2022.07.09 11:00:48 CST INFO  org.springframework.boot.devtools.autoconfigure.OptionalLiveReloadServer 58 startServer - LiveReload server is running on port 35729
2022.07.09 11:00:48 CST WARN  com.github.xiaoymin.knife4j.spring.extension.OpenApiExtensionResolver 142 readLocations - (Ignores) Failed to read Markdown files,Error Message:class path resource [sign/] cannot be resolved to URL because it does not exist 
2022.07.09 11:00:49 CST INFO  org.apache.juli.logging.DirectJDKLog 173 log - Starting ProtocolHandler ["http-nio-83"]
2022.07.09 11:00:49 CST INFO  org.springframework.boot.web.embedded.tomcat.TomcatWebServer 220 start - Tomcat started on port(s): 83 (http) with context path '/api'
2022.07.09 11:00:49 CST INFO  org.springframework.boot.StartupInfoLogger 61 logStarted - Started ApiApplication in 7.733 seconds (JVM running for 11.337)
2022.07.09 12:03:58 CST INFO  org.hibernate.validator.internal.util.Version 21 <clinit> - HV000001: Hibernate Validator 6.0.10.Final
2022.07.09 12:03:58 CST INFO  org.springframework.boot.StartupInfoLogger 55 logStarting - Starting ApiApplication using Java 18.0.1.1 on SC-202203161458 with PID 21416 (F:\soft\github\service-api-spring-boot\api\target\classes started by Administrator in F:\soft\github\service-api-spring-boot)
2022.07.09 12:03:58 CST INFO  org.springframework.boot.SpringApplication 640 logStartupProfileInfo - The following 7 profiles are active: "i18n", "redis", "jpa", "datasource", "jwt", "swagger", "dev"
2022.07.09 12:03:58 CST INFO  org.springframework.boot.logging.DeferredLog 255 logTo - Devtools property defaults active! Set 'spring.devtools.add-properties' to 'false' to disable
2022.07.09 12:03:58 CST INFO  org.springframework.boot.logging.DeferredLog 255 logTo - For additional web related logging consider setting the 'logging.level.web' property to 'DEBUG'
2022.07.09 12:04:01 CST INFO  org.springframework.data.repository.config.RepositoryConfigurationDelegate 262 multipleStoresDetected - Multiple Spring Data modules found, entering strict repository configuration mode!
2022.07.09 12:04:01 CST INFO  org.springframework.data.repository.config.RepositoryConfigurationDelegate 132 registerRepositoriesIn - Bootstrapping Spring Data Redis repositories in DEFAULT mode.
2022.07.09 12:04:01 CST INFO  org.springframework.data.repository.config.RepositoryConfigurationDelegate 201 registerRepositoriesIn - Finished Spring Data repository scanning in 9 ms. Found 0 Redis repository interfaces.
2022.07.09 12:04:03 CST INFO  org.springframework.boot.web.embedded.tomcat.TomcatWebServer 108 initialize - Tomcat initialized with port(s): 83 (http)
2022.07.09 12:04:03 CST INFO  org.apache.juli.logging.DirectJDKLog 173 log - Initializing ProtocolHandler ["http-nio-83"]
2022.07.09 12:04:03 CST INFO  org.apache.juli.logging.DirectJDKLog 173 log - Starting service [Tomcat]
2022.07.09 12:04:03 CST INFO  org.apache.juli.logging.DirectJDKLog 173 log - Starting Servlet engine: [Apache Tomcat/9.0.63]
2022.07.09 12:04:03 CST INFO  org.apache.juli.logging.DirectJDKLog 173 log - Initializing Spring embedded WebApplicationContext
2022.07.09 12:04:03 CST INFO  org.springframework.boot.web.servlet.context.ServletWebServerApplicationContext 292 prepareWebApplicationContext - Root WebApplicationContext: initialization completed in 4394 ms
2022.07.09 12:04:03 CST INFO  org.springframework.beans.factory.annotation.AutowiredAnnotationBeanPostProcessor 478 lambda$buildAutowiringMetadata$1 - Autowired annotation is not supported on static fields: public static org.springframework.context.MessageSource com.myadream.app.qiyang.service.utils.I18nMessageUtil.messageSource
2022.07.09 12:04:03 CST WARN  org.springframework.context.support.AbstractApplicationContext 591 refresh - Exception encountered during context initialization - cancelling refresh attempt: org.springframework.beans.factory.UnsatisfiedDependencyException: Error creating bean with name 'redisUtil': Unsatisfied dependency expressed through field 'redisTemplate'; nested exception is org.springframework.beans.factory.NoSuchBeanDefinitionException: No qualifying bean of type 'org.springframework.data.redis.core.RedisTemplate<java.lang.String, java.lang.Object>' available: expected at least 1 bean which qualifies as autowire candidate. Dependency annotations: {@org.springframework.beans.factory.annotation.Autowired(required=true)}
2022.07.09 12:04:03 CST INFO  org.apache.juli.logging.DirectJDKLog 173 log - Stopping service [Tomcat]
2022.07.09 12:04:03 CST INFO  org.springframework.boot.autoconfigure.logging.ConditionEvaluationReportLoggingListener 136 logMessage - 

Error starting ApplicationContext. To display the conditions report re-run your application with 'debug' enabled.
2022.07.09 13:45:44 CST INFO  org.hibernate.validator.internal.util.Version 21 <clinit> - HV000001: Hibernate Validator 6.0.10.Final
2022.07.09 13:45:44 CST INFO  org.springframework.boot.StartupInfoLogger 55 logStarting - Starting ApiApplication using Java 18.0.1.1 on SC-202203161458 with PID 19732 (F:\soft\github\service-api-spring-boot\api\target\classes started by Administrator in F:\soft\github\service-api-spring-boot)
2022.07.09 13:45:44 CST INFO  org.springframework.boot.SpringApplication 640 logStartupProfileInfo - The following 7 profiles are active: "i18n", "redis", "jpa", "datasource", "jwt", "swagger", "dev"
2022.07.09 13:45:44 CST INFO  org.springframework.boot.logging.DeferredLog 255 logTo - Devtools property defaults active! Set 'spring.devtools.add-properties' to 'false' to disable
2022.07.09 13:45:44 CST INFO  org.springframework.boot.logging.DeferredLog 255 logTo - For additional web related logging consider setting the 'logging.level.web' property to 'DEBUG'
2022.07.09 13:45:46 CST INFO  org.springframework.data.repository.config.RepositoryConfigurationDelegate 262 multipleStoresDetected - Multiple Spring Data modules found, entering strict repository configuration mode!
2022.07.09 13:45:46 CST INFO  org.springframework.data.repository.config.RepositoryConfigurationDelegate 132 registerRepositoriesIn - Bootstrapping Spring Data Redis repositories in DEFAULT mode.
2022.07.09 13:45:46 CST INFO  org.springframework.data.repository.config.RepositoryConfigurationDelegate 201 registerRepositoriesIn - Finished Spring Data repository scanning in 13 ms. Found 0 Redis repository interfaces.
2022.07.09 13:45:48 CST INFO  org.springframework.boot.web.embedded.tomcat.TomcatWebServer 108 initialize - Tomcat initialized with port(s): 83 (http)
2022.07.09 13:45:48 CST INFO  org.apache.juli.logging.DirectJDKLog 173 log - Initializing ProtocolHandler ["http-nio-83"]
2022.07.09 13:45:48 CST INFO  org.apache.juli.logging.DirectJDKLog 173 log - Starting service [Tomcat]
2022.07.09 13:45:48 CST INFO  org.apache.juli.logging.DirectJDKLog 173 log - Starting Servlet engine: [Apache Tomcat/9.0.63]
2022.07.09 13:45:48 CST INFO  org.apache.juli.logging.DirectJDKLog 173 log - Initializing Spring embedded WebApplicationContext
2022.07.09 13:45:48 CST INFO  org.springframework.boot.web.servlet.context.ServletWebServerApplicationContext 292 prepareWebApplicationContext - Root WebApplicationContext: initialization completed in 3742 ms
2022.07.09 13:45:48 CST INFO  org.springframework.beans.factory.annotation.AutowiredAnnotationBeanPostProcessor 478 lambda$buildAutowiringMetadata$1 - Autowired annotation is not supported on static fields: public static org.springframework.context.MessageSource com.myadream.app.qiyang.service.utils.I18nMessageUtil.messageSource
2022.07.09 13:45:48 CST WARN  org.springframework.context.support.AbstractApplicationContext 591 refresh - Exception encountered during context initialization - cancelling refresh attempt: org.springframework.beans.factory.UnsatisfiedDependencyException: Error creating bean with name 'redisUtil': Unsatisfied dependency expressed through field 'redisTemplate'; nested exception is org.springframework.beans.factory.NoSuchBeanDefinitionException: No qualifying bean of type 'org.springframework.data.redis.core.RedisTemplate<java.lang.String, java.lang.Object>' available: expected at least 1 bean which qualifies as autowire candidate. Dependency annotations: {@org.springframework.beans.factory.annotation.Autowired(required=true)}
2022.07.09 13:45:48 CST INFO  org.apache.juli.logging.DirectJDKLog 173 log - Stopping service [Tomcat]
2022.07.09 13:45:48 CST INFO  org.springframework.boot.autoconfigure.logging.ConditionEvaluationReportLoggingListener 136 logMessage - 

Error starting ApplicationContext. To display the conditions report re-run your application with 'debug' enabled.
2022.07.09 13:47:36 CST INFO  org.hibernate.validator.internal.util.Version 21 <clinit> - HV000001: Hibernate Validator 6.0.10.Final
2022.07.09 13:47:36 CST INFO  org.springframework.boot.StartupInfoLogger 55 logStarting - Starting ApiApplication using Java 18.0.1.1 on SC-202203161458 with PID 11804 (F:\soft\github\service-api-spring-boot\api\target\classes started by Administrator in F:\soft\github\service-api-spring-boot)
2022.07.09 13:47:36 CST INFO  org.springframework.boot.SpringApplication 640 logStartupProfileInfo - The following 7 profiles are active: "i18n", "redis", "jpa", "datasource", "jwt", "swagger", "dev"
2022.07.09 13:47:36 CST INFO  org.springframework.boot.logging.DeferredLog 255 logTo - Devtools property defaults active! Set 'spring.devtools.add-properties' to 'false' to disable
2022.07.09 13:47:36 CST INFO  org.springframework.boot.logging.DeferredLog 255 logTo - For additional web related logging consider setting the 'logging.level.web' property to 'DEBUG'
2022.07.09 13:47:39 CST INFO  org.springframework.data.repository.config.RepositoryConfigurationDelegate 262 multipleStoresDetected - Multiple Spring Data modules found, entering strict repository configuration mode!
2022.07.09 13:47:39 CST INFO  org.springframework.data.repository.config.RepositoryConfigurationDelegate 132 registerRepositoriesIn - Bootstrapping Spring Data Redis repositories in DEFAULT mode.
2022.07.09 13:47:39 CST INFO  org.springframework.data.repository.config.RepositoryConfigurationDelegate 201 registerRepositoriesIn - Finished Spring Data repository scanning in 12 ms. Found 0 Redis repository interfaces.
2022.07.09 13:47:41 CST INFO  org.springframework.boot.web.embedded.tomcat.TomcatWebServer 108 initialize - Tomcat initialized with port(s): 83 (http)
2022.07.09 13:47:41 CST INFO  org.apache.juli.logging.DirectJDKLog 173 log - Initializing ProtocolHandler ["http-nio-83"]
2022.07.09 13:47:41 CST INFO  org.apache.juli.logging.DirectJDKLog 173 log - Starting service [Tomcat]
2022.07.09 13:47:41 CST INFO  org.apache.juli.logging.DirectJDKLog 173 log - Starting Servlet engine: [Apache Tomcat/9.0.63]
2022.07.09 13:47:41 CST INFO  org.apache.juli.logging.DirectJDKLog 173 log - Initializing Spring embedded WebApplicationContext
2022.07.09 13:47:41 CST INFO  org.springframework.boot.web.servlet.context.ServletWebServerApplicationContext 292 prepareWebApplicationContext - Root WebApplicationContext: initialization completed in 4789 ms
2022.07.09 13:47:41 CST INFO  org.springframework.beans.factory.annotation.AutowiredAnnotationBeanPostProcessor 478 lambda$buildAutowiringMetadata$1 - Autowired annotation is not supported on static fields: public static org.springframework.context.MessageSource com.myadream.app.qiyang.service.utils.I18nMessageUtil.messageSource
2022.07.09 13:47:42 CST WARN  org.springframework.context.support.AbstractApplicationContext 591 refresh - Exception encountered during context initialization - cancelling refresh attempt: org.springframework.beans.factory.UnsatisfiedDependencyException: Error creating bean with name 'redisUtil': Unsatisfied dependency expressed through field 'redisTemplate'; nested exception is org.springframework.beans.factory.NoSuchBeanDefinitionException: No qualifying bean of type 'org.springframework.data.redis.core.RedisTemplate<java.lang.String, java.lang.Object>' available: expected at least 1 bean which qualifies as autowire candidate. Dependency annotations: {@org.springframework.beans.factory.annotation.Autowired(required=true)}
2022.07.09 13:47:42 CST INFO  org.apache.juli.logging.DirectJDKLog 173 log - Stopping service [Tomcat]
2022.07.09 13:47:42 CST INFO  org.springframework.boot.autoconfigure.logging.ConditionEvaluationReportLoggingListener 136 logMessage - 

Error starting ApplicationContext. To display the conditions report re-run your application with 'debug' enabled.
2022.07.09 13:49:52 CST INFO  org.hibernate.validator.internal.util.Version 21 <clinit> - HV000001: Hibernate Validator 6.0.10.Final
2022.07.09 13:49:52 CST INFO  org.springframework.boot.StartupInfoLogger 55 logStarting - Starting ApiApplication using Java 18.0.1.1 on SC-202203161458 with PID 17460 (F:\soft\github\service-api-spring-boot\api\target\classes started by Administrator in F:\soft\github\service-api-spring-boot)
2022.07.09 13:49:52 CST INFO  org.springframework.boot.SpringApplication 640 logStartupProfileInfo - The following 7 profiles are active: "i18n", "redis", "jpa", "datasource", "jwt", "swagger", "dev"
2022.07.09 13:49:52 CST INFO  org.springframework.boot.logging.DeferredLog 255 logTo - Devtools property defaults active! Set 'spring.devtools.add-properties' to 'false' to disable
2022.07.09 13:49:52 CST INFO  org.springframework.boot.logging.DeferredLog 255 logTo - For additional web related logging consider setting the 'logging.level.web' property to 'DEBUG'
2022.07.09 13:49:55 CST INFO  org.springframework.data.repository.config.RepositoryConfigurationDelegate 262 multipleStoresDetected - Multiple Spring Data modules found, entering strict repository configuration mode!
2022.07.09 13:49:55 CST INFO  org.springframework.data.repository.config.RepositoryConfigurationDelegate 132 registerRepositoriesIn - Bootstrapping Spring Data Redis repositories in DEFAULT mode.
2022.07.09 13:49:55 CST INFO  org.springframework.data.repository.config.RepositoryConfigurationDelegate 201 registerRepositoriesIn - Finished Spring Data repository scanning in 10 ms. Found 0 Redis repository interfaces.
2022.07.09 13:49:57 CST INFO  org.springframework.boot.web.embedded.tomcat.TomcatWebServer 108 initialize - Tomcat initialized with port(s): 83 (http)
2022.07.09 13:49:57 CST INFO  org.apache.juli.logging.DirectJDKLog 173 log - Initializing ProtocolHandler ["http-nio-83"]
2022.07.09 13:49:57 CST INFO  org.apache.juli.logging.DirectJDKLog 173 log - Starting service [Tomcat]
2022.07.09 13:49:57 CST INFO  org.apache.juli.logging.DirectJDKLog 173 log - Starting Servlet engine: [Apache Tomcat/9.0.63]
2022.07.09 13:49:57 CST INFO  org.apache.juli.logging.DirectJDKLog 173 log - Initializing Spring embedded WebApplicationContext
2022.07.09 13:49:57 CST INFO  org.springframework.boot.web.servlet.context.ServletWebServerApplicationContext 292 prepareWebApplicationContext - Root WebApplicationContext: initialization completed in 5101 ms
2022.07.09 13:49:58 CST INFO  org.springframework.beans.factory.annotation.AutowiredAnnotationBeanPostProcessor 478 lambda$buildAutowiringMetadata$1 - Autowired annotation is not supported on static fields: public static org.springframework.context.MessageSource com.myadream.app.qiyang.service.utils.I18nMessageUtil.messageSource
2022.07.09 13:50:00 CST INFO  org.springframework.boot.devtools.autoconfigure.OptionalLiveReloadServer 58 startServer - LiveReload server is running on port 35729
2022.07.09 13:50:00 CST WARN  com.github.xiaoymin.knife4j.spring.extension.OpenApiExtensionResolver 142 readLocations - (Ignores) Failed to read Markdown files,Error Message:class path resource [sign/] cannot be resolved to URL because it does not exist 
2022.07.09 13:50:01 CST WARN  org.springframework.boot.autoconfigure.security.servlet.UserDetailsServiceAutoConfiguration 88 getOrDeducePassword - 

Using generated security password: 936d35f9-1019-4e78-94a6-11b10b8757c1

This generated password is for development use only. Your security configuration must be updated before running your application in production.

2022.07.09 13:50:01 CST INFO  org.springframework.security.web.DefaultSecurityFilterChain 55 <init> - Will secure any request with [org.springframework.security.web.session.DisableEncodeUrlFilter@799ec650, org.springframework.security.web.context.request.async.WebAsyncManagerIntegrationFilter@19558687, org.springframework.security.web.context.SecurityContextPersistenceFilter@2ebea724, org.springframework.security.web.header.HeaderWriterFilter@4cc66a6d, org.springframework.security.web.csrf.CsrfFilter@6bdbb2f2, org.springframework.security.web.authentication.logout.LogoutFilter@2f0c895, org.springframework.security.web.authentication.UsernamePasswordAuthenticationFilter@39081749, org.springframework.security.web.authentication.ui.DefaultLoginPageGeneratingFilter@4b349c55, org.springframework.security.web.authentication.ui.DefaultLogoutPageGeneratingFilter@30da448a, org.springframework.security.web.authentication.www.BasicAuthenticationFilter@50a6c76e, org.springframework.security.web.savedrequest.RequestCacheAwareFilter@146c6562, org.springframework.security.web.servletapi.SecurityContextHolderAwareRequestFilter@21bc15a0, org.springframework.security.web.authentication.AnonymousAuthenticationFilter@f49b33, org.springframework.security.web.session.SessionManagementFilter@27a00d61, org.springframework.security.web.access.ExceptionTranslationFilter@1bef35d0, org.springframework.security.web.access.intercept.FilterSecurityInterceptor@730db35c]
2022.07.09 13:50:01 CST INFO  org.apache.juli.logging.DirectJDKLog 173 log - Starting ProtocolHandler ["http-nio-83"]
2022.07.09 13:50:01 CST INFO  org.springframework.boot.web.embedded.tomcat.TomcatWebServer 220 start - Tomcat started on port(s): 83 (http) with context path '/api'
2022.07.09 13:50:02 CST INFO  org.springframework.boot.StartupInfoLogger 61 logStarted - Started ApiApplication in 10.582 seconds (JVM running for 14.254)
2022.07.09 14:26:50 CST INFO  org.springframework.boot.StartupInfoLogger 55 logStarting - Starting ApiApplication using Java 18.0.1.1 on SC-202203161458 with PID 17460 (F:\soft\github\service-api-spring-boot\api\target\classes started by Administrator in F:\soft\github\service-api-spring-boot)
2022.07.09 14:26:50 CST INFO  org.springframework.boot.SpringApplication 640 logStartupProfileInfo - The following 8 profiles are active: "i18n", "redis", "jpa", "datasource", "jwt", "swagger", "flyway", "dev"
2022.07.09 14:26:55 CST INFO  org.springframework.data.repository.config.RepositoryConfigurationDelegate 262 multipleStoresDetected - Multiple Spring Data modules found, entering strict repository configuration mode!
2022.07.09 14:26:55 CST INFO  org.springframework.data.repository.config.RepositoryConfigurationDelegate 132 registerRepositoriesIn - Bootstrapping Spring Data Redis repositories in DEFAULT mode.
2022.07.09 14:26:55 CST INFO  org.springframework.data.repository.config.RepositoryConfigurationDelegate 201 registerRepositoriesIn - Finished Spring Data repository scanning in 60 ms. Found 0 Redis repository interfaces.
2022.07.09 14:26:57 CST INFO  org.springframework.boot.web.embedded.tomcat.TomcatWebServer 108 initialize - Tomcat initialized with port(s): 83 (http)
2022.07.09 14:26:57 CST INFO  org.apache.juli.logging.DirectJDKLog 173 log - Initializing ProtocolHandler ["http-nio-83"]
2022.07.09 14:26:57 CST INFO  org.apache.juli.logging.DirectJDKLog 173 log - Starting service [Tomcat]
2022.07.09 14:26:57 CST INFO  org.apache.juli.logging.DirectJDKLog 173 log - Starting Servlet engine: [Apache Tomcat/9.0.63]
2022.07.09 14:26:57 CST INFO  org.apache.juli.logging.DirectJDKLog 173 log - Initializing Spring embedded WebApplicationContext
2022.07.09 14:26:57 CST INFO  org.springframework.boot.web.servlet.context.ServletWebServerApplicationContext 292 prepareWebApplicationContext - Root WebApplicationContext: initialization completed in 6547 ms
2022.07.09 14:26:57 CST INFO  org.springframework.beans.factory.annotation.AutowiredAnnotationBeanPostProcessor 478 lambda$buildAutowiringMetadata$1 - Autowired annotation is not supported on static fields: public static org.springframework.context.MessageSource com.myadream.app.qiyang.service.utils.I18nMessageUtil.messageSource
2022.07.09 14:27:00 CST INFO  org.springframework.boot.devtools.autoconfigure.OptionalLiveReloadServer 58 startServer - LiveReload server is running on port 35729
2022.07.09 14:27:00 CST WARN  com.github.xiaoymin.knife4j.spring.extension.OpenApiExtensionResolver 142 readLocations - (Ignores) Failed to read Markdown files,Error Message:class path resource [sign/] cannot be resolved to URL because it does not exist 
2022.07.09 14:27:03 CST WARN  org.springframework.boot.autoconfigure.security.servlet.UserDetailsServiceAutoConfiguration 88 getOrDeducePassword - 

Using generated security password: 715d2b66-33e0-4149-a2c5-408bde25a3d4

This generated password is for development use only. Your security configuration must be updated before running your application in production.

2022.07.09 14:27:03 CST INFO  org.springframework.security.web.DefaultSecurityFilterChain 55 <init> - Will secure any request with [org.springframework.security.web.session.DisableEncodeUrlFilter@45d5ed5d, org.springframework.security.web.context.request.async.WebAsyncManagerIntegrationFilter@eaa5efe, org.springframework.security.web.context.SecurityContextPersistenceFilter@809b1c4, org.springframework.security.web.header.HeaderWriterFilter@129e8972, org.springframework.security.web.csrf.CsrfFilter@7cde05b4, org.springframework.security.web.authentication.logout.LogoutFilter@402cdcdc, org.springframework.security.web.authentication.UsernamePasswordAuthenticationFilter@4793d1dc, org.springframework.security.web.authentication.ui.DefaultLoginPageGeneratingFilter@5e0731bc, org.springframework.security.web.authentication.ui.DefaultLogoutPageGeneratingFilter@57ee63c6, org.springframework.security.web.authentication.www.BasicAuthenticationFilter@4f77c2e8, org.springframework.security.web.savedrequest.RequestCacheAwareFilter@26906a3a, org.springframework.security.web.servletapi.SecurityContextHolderAwareRequestFilter@33323372, org.springframework.security.web.authentication.AnonymousAuthenticationFilter@267f9b51, org.springframework.security.web.session.SessionManagementFilter@476f75b, org.springframework.security.web.access.ExceptionTranslationFilter@1fb30a10, org.springframework.security.web.access.intercept.FilterSecurityInterceptor@e48af86]
2022.07.09 14:27:04 CST INFO  org.apache.juli.logging.DirectJDKLog 173 log - Starting ProtocolHandler ["http-nio-83"]
2022.07.09 14:27:04 CST INFO  org.springframework.boot.web.embedded.tomcat.TomcatWebServer 220 start - Tomcat started on port(s): 83 (http) with context path '/api'
2022.07.09 14:27:05 CST INFO  org.springframework.boot.StartupInfoLogger 61 logStarted - Started ApiApplication in 15.965 seconds (JVM running for 2237.921)
2022.07.09 14:27:05 CST INFO  org.springframework.boot.devtools.autoconfigure.ConditionEvaluationDeltaLoggingListener 63 onApplicationEvent - Condition evaluation unchanged
2022.07.09 14:27:48 CST INFO  org.springframework.boot.StartupInfoLogger 55 logStarting - Starting ApiApplication using Java 18.0.1.1 on SC-202203161458 with PID 17460 (F:\soft\github\service-api-spring-boot\api\target\classes started by Administrator in F:\soft\github\service-api-spring-boot)
2022.07.09 14:27:48 CST INFO  org.springframework.boot.SpringApplication 640 logStartupProfileInfo - The following 8 profiles are active: "i18n", "redis", "jpa", "datasource", "jwt", "swagger", "flyway", "dev"
2022.07.09 14:27:49 CST INFO  org.springframework.data.repository.config.RepositoryConfigurationDelegate 262 multipleStoresDetected - Multiple Spring Data modules found, entering strict repository configuration mode!
2022.07.09 14:27:49 CST INFO  org.springframework.data.repository.config.RepositoryConfigurationDelegate 132 registerRepositoriesIn - Bootstrapping Spring Data Redis repositories in DEFAULT mode.
2022.07.09 14:27:49 CST INFO  org.springframework.data.repository.config.RepositoryConfigurationDelegate 201 registerRepositoriesIn - Finished Spring Data repository scanning in 3 ms. Found 0 Redis repository interfaces.
2022.07.09 14:27:50 CST INFO  org.springframework.boot.web.embedded.tomcat.TomcatWebServer 108 initialize - Tomcat initialized with port(s): 83 (http)
2022.07.09 14:27:50 CST INFO  org.apache.juli.logging.DirectJDKLog 173 log - Initializing ProtocolHandler ["http-nio-83"]
2022.07.09 14:27:50 CST INFO  org.apache.juli.logging.DirectJDKLog 173 log - Starting service [Tomcat]
2022.07.09 14:27:50 CST INFO  org.apache.juli.logging.DirectJDKLog 173 log - Starting Servlet engine: [Apache Tomcat/9.0.63]
2022.07.09 14:27:50 CST INFO  org.apache.juli.logging.DirectJDKLog 173 log - Initializing Spring embedded WebApplicationContext
2022.07.09 14:27:50 CST INFO  org.springframework.boot.web.servlet.context.ServletWebServerApplicationContext 292 prepareWebApplicationContext - Root WebApplicationContext: initialization completed in 2158 ms
2022.07.09 14:27:50 CST INFO  com.github.xiaoymin.knife4j.spring.configuration.Knife4jAutoConfiguration 58 corsFilter - init CorsFilter...
2022.07.09 14:27:50 CST WARN  org.springframework.context.support.AbstractApplicationContext 591 refresh - Exception encountered during context initialization - cancelling refresh attempt: org.springframework.beans.factory.BeanCreationException: Error creating bean with name 'test': Lookup method resolution failed; nested exception is java.lang.IllegalStateException: Failed to introspect Class [com.myadream.app.qiyang.api.controller.TestController] from ClassLoader [org.springframework.boot.devtools.restart.classloader.RestartClassLoader@13a4054]
2022.07.09 14:27:50 CST INFO  org.apache.juli.logging.DirectJDKLog 173 log - Stopping service [Tomcat]
2022.07.09 14:27:50 CST INFO  org.springframework.boot.autoconfigure.logging.ConditionEvaluationReportLoggingListener 136 logMessage - 

Error starting ApplicationContext. To display the conditions report re-run your application with 'debug' enabled.
2022.07.09 14:27:59 CST INFO  org.springframework.boot.StartupInfoLogger 55 logStarting - Starting ApiApplication using Java 18.0.1.1 on SC-202203161458 with PID 17460 (F:\soft\github\service-api-spring-boot\api\target\classes started by Administrator in F:\soft\github\service-api-spring-boot)
2022.07.09 14:27:59 CST INFO  org.springframework.boot.SpringApplication 640 logStartupProfileInfo - The following 8 profiles are active: "i18n", "redis", "jpa", "datasource", "jwt", "swagger", "flyway", "dev"
2022.07.09 14:28:00 CST INFO  org.springframework.data.repository.config.RepositoryConfigurationDelegate 262 multipleStoresDetected - Multiple Spring Data modules found, entering strict repository configuration mode!
2022.07.09 14:28:00 CST INFO  org.springframework.data.repository.config.RepositoryConfigurationDelegate 132 registerRepositoriesIn - Bootstrapping Spring Data Redis repositories in DEFAULT mode.
2022.07.09 14:28:00 CST INFO  org.springframework.data.repository.config.RepositoryConfigurationDelegate 201 registerRepositoriesIn - Finished Spring Data repository scanning in 1 ms. Found 0 Redis repository interfaces.
2022.07.09 14:28:01 CST INFO  org.springframework.boot.web.embedded.tomcat.TomcatWebServer 108 initialize - Tomcat initialized with port(s): 83 (http)
2022.07.09 14:28:01 CST INFO  org.apache.juli.logging.DirectJDKLog 173 log - Initializing ProtocolHandler ["http-nio-83"]
2022.07.09 14:28:01 CST INFO  org.apache.juli.logging.DirectJDKLog 173 log - Starting service [Tomcat]
2022.07.09 14:28:01 CST INFO  org.apache.juli.logging.DirectJDKLog 173 log - Starting Servlet engine: [Apache Tomcat/9.0.63]
2022.07.09 14:28:01 CST INFO  org.apache.juli.logging.DirectJDKLog 173 log - Initializing Spring embedded WebApplicationContext
2022.07.09 14:28:01 CST INFO  org.springframework.boot.web.servlet.context.ServletWebServerApplicationContext 292 prepareWebApplicationContext - Root WebApplicationContext: initialization completed in 2624 ms
2022.07.09 14:28:01 CST INFO  org.springframework.beans.factory.annotation.AutowiredAnnotationBeanPostProcessor 478 lambda$buildAutowiringMetadata$1 - Autowired annotation is not supported on static fields: public static org.springframework.context.MessageSource com.myadream.app.qiyang.service.utils.I18nMessageUtil.messageSource
2022.07.09 14:28:03 CST INFO  org.springframework.boot.devtools.autoconfigure.OptionalLiveReloadServer 58 startServer - LiveReload server is running on port 35729
2022.07.09 14:28:03 CST WARN  com.github.xiaoymin.knife4j.spring.extension.OpenApiExtensionResolver 142 readLocations - (Ignores) Failed to read Markdown files,Error Message:class path resource [sign/] cannot be resolved to URL because it does not exist 
2022.07.09 14:28:04 CST WARN  org.springframework.boot.autoconfigure.security.servlet.UserDetailsServiceAutoConfiguration 88 getOrDeducePassword - 

Using generated security password: ffcad963-a64f-4c1b-9911-c0dcec86ccb9

This generated password is for development use only. Your security configuration must be updated before running your application in production.

2022.07.09 14:28:05 CST INFO  org.springframework.security.web.DefaultSecurityFilterChain 55 <init> - Will secure any request with [org.springframework.security.web.session.DisableEncodeUrlFilter@53700724, org.springframework.security.web.context.request.async.WebAsyncManagerIntegrationFilter@494fbbf9, org.springframework.security.web.context.SecurityContextPersistenceFilter@1d720975, org.springframework.security.web.header.HeaderWriterFilter@1da8495f, org.springframework.security.web.csrf.CsrfFilter@48e352c3, org.springframework.security.web.authentication.logout.LogoutFilter@3ae82614, org.springframework.security.web.authentication.UsernamePasswordAuthenticationFilter@4422efc8, org.springframework.security.web.authentication.ui.DefaultLoginPageGeneratingFilter@2709586d, org.springframework.security.web.authentication.ui.DefaultLogoutPageGeneratingFilter@1ac051b7, org.springframework.security.web.authentication.www.BasicAuthenticationFilter@28f8246f, org.springframework.security.web.savedrequest.RequestCacheAwareFilter@606676e, org.springframework.security.web.servletapi.SecurityContextHolderAwareRequestFilter@60bf03d, org.springframework.security.web.authentication.AnonymousAuthenticationFilter@7372d5dc, org.springframework.security.web.session.SessionManagementFilter@4f553f16, org.springframework.security.web.access.ExceptionTranslationFilter@4c444205, org.springframework.security.web.access.intercept.FilterSecurityInterceptor@7a3c0330]
2022.07.09 14:28:05 CST INFO  org.apache.juli.logging.DirectJDKLog 173 log - Starting ProtocolHandler ["http-nio-83"]
2022.07.09 14:28:05 CST INFO  org.springframework.boot.web.embedded.tomcat.TomcatWebServer 220 start - Tomcat started on port(s): 83 (http) with context path '/api'
2022.07.09 14:28:05 CST INFO  org.springframework.boot.StartupInfoLogger 61 logStarted - Started ApiApplication in 6.91 seconds (JVM running for 2297.559)
2022.07.09 14:28:05 CST INFO  org.springframework.boot.devtools.autoconfigure.ConditionEvaluationDeltaLoggingListener 63 onApplicationEvent - Condition evaluation unchanged
2022.07.09 14:28:06 CST INFO  org.springframework.boot.StartupInfoLogger 55 logStarting - Starting ApiApplication using Java 18.0.1.1 on SC-202203161458 with PID 17460 (F:\soft\github\service-api-spring-boot\api\target\classes started by Administrator in F:\soft\github\service-api-spring-boot)
2022.07.09 14:28:06 CST INFO  org.springframework.boot.SpringApplication 640 logStartupProfileInfo - The following 8 profiles are active: "i18n", "redis", "jpa", "datasource", "jwt", "swagger", "flyway", "dev"
2022.07.09 14:28:07 CST INFO  org.springframework.data.repository.config.RepositoryConfigurationDelegate 262 multipleStoresDetected - Multiple Spring Data modules found, entering strict repository configuration mode!
2022.07.09 14:28:07 CST INFO  org.springframework.data.repository.config.RepositoryConfigurationDelegate 132 registerRepositoriesIn - Bootstrapping Spring Data Redis repositories in DEFAULT mode.
2022.07.09 14:28:07 CST INFO  org.springframework.data.repository.config.RepositoryConfigurationDelegate 201 registerRepositoriesIn - Finished Spring Data repository scanning in 4 ms. Found 0 Redis repository interfaces.
2022.07.09 14:28:08 CST INFO  org.springframework.boot.web.embedded.tomcat.TomcatWebServer 108 initialize - Tomcat initialized with port(s): 83 (http)
2022.07.09 14:28:08 CST INFO  org.apache.juli.logging.DirectJDKLog 173 log - Initializing ProtocolHandler ["http-nio-83"]
2022.07.09 14:28:08 CST INFO  org.apache.juli.logging.DirectJDKLog 173 log - Starting service [Tomcat]
2022.07.09 14:28:08 CST INFO  org.apache.juli.logging.DirectJDKLog 173 log - Starting Servlet engine: [Apache Tomcat/9.0.63]
2022.07.09 14:28:08 CST INFO  org.apache.juli.logging.DirectJDKLog 173 log - Initializing Spring embedded WebApplicationContext
2022.07.09 14:28:08 CST INFO  org.springframework.boot.web.servlet.context.ServletWebServerApplicationContext 292 prepareWebApplicationContext - Root WebApplicationContext: initialization completed in 1739 ms
2022.07.09 14:28:08 CST INFO  org.springframework.beans.factory.annotation.AutowiredAnnotationBeanPostProcessor 478 lambda$buildAutowiringMetadata$1 - Autowired annotation is not supported on static fields: public static org.springframework.context.MessageSource com.myadream.app.qiyang.service.utils.I18nMessageUtil.messageSource
2022.07.09 14:28:10 CST INFO  org.springframework.boot.devtools.autoconfigure.OptionalLiveReloadServer 58 startServer - LiveReload server is running on port 35729
2022.07.09 14:28:10 CST WARN  com.github.xiaoymin.knife4j.spring.extension.OpenApiExtensionResolver 142 readLocations - (Ignores) Failed to read Markdown files,Error Message:class path resource [sign/] cannot be resolved to URL because it does not exist 
2022.07.09 14:28:11 CST WARN  org.springframework.boot.autoconfigure.security.servlet.UserDetailsServiceAutoConfiguration 88 getOrDeducePassword - 

Using generated security password: 43b51916-124d-439e-8def-35362664c16d

This generated password is for development use only. Your security configuration must be updated before running your application in production.

2022.07.09 14:28:12 CST INFO  org.springframework.security.web.DefaultSecurityFilterChain 55 <init> - Will secure any request with [org.springframework.security.web.session.DisableEncodeUrlFilter@55227bf2, org.springframework.security.web.context.request.async.WebAsyncManagerIntegrationFilter@197f4fb0, org.springframework.security.web.context.SecurityContextPersistenceFilter@20fc4198, org.springframework.security.web.header.HeaderWriterFilter@755246c0, org.springframework.security.web.csrf.CsrfFilter@2fa73dae, org.springframework.security.web.authentication.logout.LogoutFilter@509efc44, org.springframework.security.web.authentication.UsernamePasswordAuthenticationFilter@5e308341, org.springframework.security.web.authentication.ui.DefaultLoginPageGeneratingFilter@6d8c99cf, org.springframework.security.web.authentication.ui.DefaultLogoutPageGeneratingFilter@438fed55, org.springframework.security.web.authentication.www.BasicAuthenticationFilter@63ca04e9, org.springframework.security.web.savedrequest.RequestCacheAwareFilter@124d0077, org.springframework.security.web.servletapi.SecurityContextHolderAwareRequestFilter@5d0dc628, org.springframework.security.web.authentication.AnonymousAuthenticationFilter@70d15481, org.springframework.security.web.session.SessionManagementFilter@362040bf, org.springframework.security.web.access.ExceptionTranslationFilter@b8cd688, org.springframework.security.web.access.intercept.FilterSecurityInterceptor@372f67c9]
2022.07.09 14:28:12 CST INFO  org.apache.juli.logging.DirectJDKLog 173 log - Starting ProtocolHandler ["http-nio-83"]
2022.07.09 14:28:12 CST INFO  org.springframework.boot.web.embedded.tomcat.TomcatWebServer 220 start - Tomcat started on port(s): 83 (http) with context path '/api'
2022.07.09 14:28:12 CST INFO  org.springframework.boot.StartupInfoLogger 61 logStarted - Started ApiApplication in 6.024 seconds (JVM running for 2304.9)
2022.07.09 14:28:12 CST INFO  org.springframework.boot.devtools.autoconfigure.ConditionEvaluationDeltaLoggingListener 63 onApplicationEvent - Condition evaluation unchanged
2022.07.09 17:12:52 CST INFO  org.hibernate.validator.internal.util.Version 21 <clinit> - HV000001: Hibernate Validator 6.0.10.Final
2022.07.09 17:12:52 CST INFO  org.springframework.boot.StartupInfoLogger 55 logStarting - Starting ApiApplication using Java 18.0.1.1 on SC-202203161458 with PID 4164 (F:\soft\github\service-api-spring-boot\api\target\classes started by Administrator in F:\soft\github\service-api-spring-boot)
2022.07.09 17:12:52 CST INFO  org.springframework.boot.SpringApplication 640 logStartupProfileInfo - The following 8 profiles are active: "i18n", "redis", "jpa", "datasource", "jwt", "swagger", "flyway", "dev"
2022.07.09 17:12:52 CST INFO  org.springframework.boot.logging.DeferredLog 255 logTo - Devtools property defaults active! Set 'spring.devtools.add-properties' to 'false' to disable
2022.07.09 17:12:52 CST INFO  org.springframework.boot.logging.DeferredLog 255 logTo - For additional web related logging consider setting the 'logging.level.web' property to 'DEBUG'
2022.07.09 17:12:55 CST INFO  org.springframework.data.repository.config.RepositoryConfigurationDelegate 262 multipleStoresDetected - Multiple Spring Data modules found, entering strict repository configuration mode!
2022.07.09 17:12:55 CST INFO  org.springframework.data.repository.config.RepositoryConfigurationDelegate 132 registerRepositoriesIn - Bootstrapping Spring Data Redis repositories in DEFAULT mode.
2022.07.09 17:12:55 CST INFO  org.springframework.data.repository.config.RepositoryConfigurationDelegate 201 registerRepositoriesIn - Finished Spring Data repository scanning in 9 ms. Found 0 Redis repository interfaces.
2022.07.09 17:12:57 CST INFO  org.springframework.boot.web.embedded.tomcat.TomcatWebServer 108 initialize - Tomcat initialized with port(s): 83 (http)
2022.07.09 17:12:57 CST INFO  org.apache.juli.logging.DirectJDKLog 173 log - Initializing ProtocolHandler ["http-nio-83"]
2022.07.09 17:12:57 CST INFO  org.apache.juli.logging.DirectJDKLog 173 log - Starting service [Tomcat]
2022.07.09 17:12:57 CST INFO  org.apache.juli.logging.DirectJDKLog 173 log - Starting Servlet engine: [Apache Tomcat/9.0.63]
2022.07.09 17:12:57 CST INFO  org.apache.juli.logging.DirectJDKLog 173 log - Initializing Spring embedded WebApplicationContext
2022.07.09 17:12:57 CST INFO  org.springframework.boot.web.servlet.context.ServletWebServerApplicationContext 292 prepareWebApplicationContext - Root WebApplicationContext: initialization completed in 4445 ms
2022.07.09 17:12:57 CST INFO  org.springframework.beans.factory.annotation.AutowiredAnnotationBeanPostProcessor 478 lambda$buildAutowiringMetadata$1 - Autowired annotation is not supported on static fields: public static org.springframework.context.MessageSource com.myadream.app.qiyang.service.utils.I18nMessageUtil.messageSource
2022.07.09 17:12:59 CST INFO  org.springframework.boot.devtools.autoconfigure.OptionalLiveReloadServer 58 startServer - LiveReload server is running on port 35729
2022.07.09 17:12:59 CST WARN  com.github.xiaoymin.knife4j.spring.extension.OpenApiExtensionResolver 142 readLocations - (Ignores) Failed to read Markdown files,Error Message:class path resource [sign/] cannot be resolved to URL because it does not exist 
2022.07.09 17:13:00 CST WARN  org.springframework.boot.autoconfigure.security.servlet.UserDetailsServiceAutoConfiguration 88 getOrDeducePassword - 

Using generated security password: f0448a42-13f9-4907-821c-0c377e7b4255

This generated password is for development use only. Your security configuration must be updated before running your application in production.

2022.07.09 17:13:00 CST INFO  org.springframework.security.web.DefaultSecurityFilterChain 55 <init> - Will secure any request with [org.springframework.security.web.session.DisableEncodeUrlFilter@22cd888f, org.springframework.security.web.context.request.async.WebAsyncManagerIntegrationFilter@f4bdefe, org.springframework.security.web.context.SecurityContextPersistenceFilter@6412da59, org.springframework.security.web.header.HeaderWriterFilter@614cc295, org.springframework.security.web.csrf.CsrfFilter@65e83331, org.springframework.security.web.authentication.logout.LogoutFilter@6d9305c2, org.springframework.security.web.authentication.UsernamePasswordAuthenticationFilter@2d91fa62, org.springframework.security.web.authentication.ui.DefaultLoginPageGeneratingFilter@533ba005, org.springframework.security.web.authentication.ui.DefaultLogoutPageGeneratingFilter@b6a38e4, org.springframework.security.web.authentication.www.BasicAuthenticationFilter@14e0c5b9, org.springframework.security.web.savedrequest.RequestCacheAwareFilter@745bfd32, org.springframework.security.web.servletapi.SecurityContextHolderAwareRequestFilter@4b278212, org.springframework.security.web.authentication.AnonymousAuthenticationFilter@29abdc36, org.springframework.security.web.session.SessionManagementFilter@3a510015, org.springframework.security.web.access.ExceptionTranslationFilter@30327297, org.springframework.security.web.access.intercept.FilterSecurityInterceptor@cc662db]
2022.07.09 17:13:00 CST INFO  org.apache.juli.logging.DirectJDKLog 173 log - Starting ProtocolHandler ["http-nio-83"]
2022.07.09 17:13:00 CST INFO  org.springframework.boot.web.embedded.tomcat.TomcatWebServer 220 start - Tomcat started on port(s): 83 (http) with context path '/api'
2022.07.09 17:13:01 CST INFO  org.springframework.boot.StartupInfoLogger 61 logStarted - Started ApiApplication in 9.242 seconds (JVM running for 13.687)
2022.07.09 17:14:01 CST INFO  org.hibernate.validator.internal.util.Version 21 <clinit> - HV000001: Hibernate Validator 6.0.10.Final
2022.07.09 17:14:01 CST INFO  org.springframework.boot.StartupInfoLogger 55 logStarting - Starting ApiApplication using Java 18.0.1.1 on SC-202203161458 with PID 16332 (F:\soft\github\service-api-spring-boot\api\target\classes started by Administrator in F:\soft\github\service-api-spring-boot)
2022.07.09 17:14:01 CST INFO  org.springframework.boot.SpringApplication 640 logStartupProfileInfo - The following 8 profiles are active: "i18n", "redis", "jpa", "datasource", "jwt", "swagger", "flyway", "dev"
2022.07.09 17:14:01 CST INFO  org.springframework.boot.logging.DeferredLog 255 logTo - Devtools property defaults active! Set 'spring.devtools.add-properties' to 'false' to disable
2022.07.09 17:14:01 CST INFO  org.springframework.boot.logging.DeferredLog 255 logTo - For additional web related logging consider setting the 'logging.level.web' property to 'DEBUG'
2022.07.09 17:14:03 CST INFO  org.springframework.data.repository.config.RepositoryConfigurationDelegate 262 multipleStoresDetected - Multiple Spring Data modules found, entering strict repository configuration mode!
2022.07.09 17:14:03 CST INFO  org.springframework.data.repository.config.RepositoryConfigurationDelegate 132 registerRepositoriesIn - Bootstrapping Spring Data Redis repositories in DEFAULT mode.
2022.07.09 17:14:03 CST INFO  org.springframework.data.repository.config.RepositoryConfigurationDelegate 201 registerRepositoriesIn - Finished Spring Data repository scanning in 10 ms. Found 0 Redis repository interfaces.
2022.07.09 17:14:04 CST INFO  org.springframework.boot.web.embedded.tomcat.TomcatWebServer 108 initialize - Tomcat initialized with port(s): 83 (http)
2022.07.09 17:14:04 CST INFO  org.apache.juli.logging.DirectJDKLog 173 log - Initializing ProtocolHandler ["http-nio-83"]
2022.07.09 17:14:04 CST INFO  org.apache.juli.logging.DirectJDKLog 173 log - Starting service [Tomcat]
2022.07.09 17:14:04 CST INFO  org.apache.juli.logging.DirectJDKLog 173 log - Starting Servlet engine: [Apache Tomcat/9.0.63]
2022.07.09 17:14:04 CST INFO  org.apache.juli.logging.DirectJDKLog 173 log - Initializing Spring embedded WebApplicationContext
2022.07.09 17:14:04 CST INFO  org.springframework.boot.web.servlet.context.ServletWebServerApplicationContext 292 prepareWebApplicationContext - Root WebApplicationContext: initialization completed in 3537 ms
2022.07.09 17:14:05 CST INFO  org.springframework.beans.factory.annotation.AutowiredAnnotationBeanPostProcessor 478 lambda$buildAutowiringMetadata$1 - Autowired annotation is not supported on static fields: public static org.springframework.context.MessageSource com.myadream.app.qiyang.service.utils.I18nMessageUtil.messageSource
2022.07.09 17:14:06 CST INFO  org.springframework.boot.devtools.autoconfigure.OptionalLiveReloadServer 58 startServer - LiveReload server is running on port 35729
2022.07.09 17:14:06 CST WARN  com.github.xiaoymin.knife4j.spring.extension.OpenApiExtensionResolver 142 readLocations - (Ignores) Failed to read Markdown files,Error Message:class path resource [sign/] cannot be resolved to URL because it does not exist 
2022.07.09 17:14:07 CST WARN  org.springframework.boot.autoconfigure.security.servlet.UserDetailsServiceAutoConfiguration 88 getOrDeducePassword - 

Using generated security password: b1bcc70f-ee25-42a5-86c6-615965f69605

This generated password is for development use only. Your security configuration must be updated before running your application in production.

2022.07.09 17:14:07 CST INFO  org.springframework.security.web.DefaultSecurityFilterChain 55 <init> - Will secure any request with [org.springframework.security.web.session.DisableEncodeUrlFilter@29abdc36, org.springframework.security.web.context.request.async.WebAsyncManagerIntegrationFilter@676cb07c, org.springframework.security.web.context.SecurityContextPersistenceFilter@28a4ba34, org.springframework.security.web.header.HeaderWriterFilter@6364038b, org.springframework.security.web.csrf.CsrfFilter@65e26972, org.springframework.security.web.authentication.logout.LogoutFilter@24954f4f, org.springframework.security.web.authentication.UsernamePasswordAuthenticationFilter@540338ed, org.springframework.security.web.authentication.ui.DefaultLoginPageGeneratingFilter@755e3b1f, org.springframework.security.web.authentication.ui.DefaultLogoutPageGeneratingFilter@36813e41, org.springframework.security.web.authentication.www.BasicAuthenticationFilter@30124e39, org.springframework.security.web.savedrequest.RequestCacheAwareFilter@6a32d71d, org.springframework.security.web.servletapi.SecurityContextHolderAwareRequestFilter@412b1504, org.springframework.security.web.authentication.AnonymousAuthenticationFilter@6c769d6d, org.springframework.security.web.session.SessionManagementFilter@6412da59, org.springframework.security.web.access.ExceptionTranslationFilter@362cf224, org.springframework.security.web.access.intercept.FilterSecurityInterceptor@d388a74]
2022.07.09 17:14:07 CST INFO  org.apache.juli.logging.DirectJDKLog 173 log - Starting ProtocolHandler ["http-nio-83"]
2022.07.09 17:14:07 CST INFO  org.springframework.boot.web.embedded.tomcat.TomcatWebServer 220 start - Tomcat started on port(s): 83 (http) with context path '/api'
2022.07.09 17:14:08 CST INFO  org.springframework.boot.StartupInfoLogger 61 logStarted - Started ApiApplication in 8.03 seconds (JVM running for 10.775)
2022.07.09 17:14:21 CST INFO  org.springframework.boot.StartupInfoLogger 55 logStarting - Starting ApiApplication using Java 18.0.1.1 on SC-202203161458 with PID 16332 (F:\soft\github\service-api-spring-boot\api\target\classes started by Administrator in F:\soft\github\service-api-spring-boot)
2022.07.09 17:14:21 CST INFO  org.springframework.boot.SpringApplication 640 logStartupProfileInfo - The following 8 profiles are active: "i18n", "redis", "jpa", "datasource", "jwt", "swagger", "flyway", "dev"
2022.07.09 17:14:22 CST INFO  org.springframework.data.repository.config.RepositoryConfigurationDelegate 262 multipleStoresDetected - Multiple Spring Data modules found, entering strict repository configuration mode!
2022.07.09 17:14:22 CST INFO  org.springframework.data.repository.config.RepositoryConfigurationDelegate 132 registerRepositoriesIn - Bootstrapping Spring Data Redis repositories in DEFAULT mode.
2022.07.09 17:14:22 CST INFO  org.springframework.data.repository.config.RepositoryConfigurationDelegate 201 registerRepositoriesIn - Finished Spring Data repository scanning in 4 ms. Found 0 Redis repository interfaces.
2022.07.09 17:14:23 CST INFO  org.springframework.boot.web.embedded.tomcat.TomcatWebServer 108 initialize - Tomcat initialized with port(s): 83 (http)
2022.07.09 17:14:23 CST INFO  org.apache.juli.logging.DirectJDKLog 173 log - Initializing ProtocolHandler ["http-nio-83"]
2022.07.09 17:14:23 CST INFO  org.apache.juli.logging.DirectJDKLog 173 log - Starting service [Tomcat]
2022.07.09 17:14:23 CST INFO  org.apache.juli.logging.DirectJDKLog 173 log - Starting Servlet engine: [Apache Tomcat/9.0.63]
2022.07.09 17:14:23 CST INFO  org.apache.juli.logging.DirectJDKLog 173 log - Initializing Spring embedded WebApplicationContext
2022.07.09 17:14:23 CST INFO  org.springframework.boot.web.servlet.context.ServletWebServerApplicationContext 292 prepareWebApplicationContext - Root WebApplicationContext: initialization completed in 2279 ms
2022.07.09 17:14:23 CST INFO  com.github.xiaoymin.knife4j.spring.configuration.Knife4jAutoConfiguration 58 corsFilter - init CorsFilter...
2022.07.09 17:14:23 CST WARN  org.springframework.context.support.AbstractApplicationContext 591 refresh - Exception encountered during context initialization - cancelling refresh attempt: org.springframework.beans.factory.BeanCreationException: Error creating bean with name 'conf/test': Lookup method resolution failed; nested exception is java.lang.IllegalStateException: Failed to introspect Class [com.myadream.app.qiyang.api.controller.TestController] from ClassLoader [org.springframework.boot.devtools.restart.classloader.RestartClassLoader@54c9fed3]
2022.07.09 17:14:23 CST INFO  org.apache.juli.logging.DirectJDKLog 173 log - Stopping service [Tomcat]
2022.07.09 17:14:23 CST INFO  org.springframework.boot.autoconfigure.logging.ConditionEvaluationReportLoggingListener 136 logMessage - 

Error starting ApplicationContext. To display the conditions report re-run your application with 'debug' enabled.
2022.07.09 17:14:35 CST INFO  org.springframework.boot.StartupInfoLogger 55 logStarting - Starting ApiApplication using Java 18.0.1.1 on SC-202203161458 with PID 16332 (F:\soft\github\service-api-spring-boot\api\target\classes started by Administrator in F:\soft\github\service-api-spring-boot)
2022.07.09 17:14:35 CST INFO  org.springframework.boot.SpringApplication 640 logStartupProfileInfo - The following 8 profiles are active: "i18n", "redis", "jpa", "datasource", "jwt", "swagger", "flyway", "dev"
2022.07.09 17:14:38 CST INFO  org.springframework.data.repository.config.RepositoryConfigurationDelegate 262 multipleStoresDetected - Multiple Spring Data modules found, entering strict repository configuration mode!
2022.07.09 17:14:38 CST INFO  org.springframework.data.repository.config.RepositoryConfigurationDelegate 132 registerRepositoriesIn - Bootstrapping Spring Data Redis repositories in DEFAULT mode.
2022.07.09 17:14:38 CST INFO  org.springframework.data.repository.config.RepositoryConfigurationDelegate 201 registerRepositoriesIn - Finished Spring Data repository scanning in 13 ms. Found 0 Redis repository interfaces.
2022.07.09 17:14:41 CST INFO  org.springframework.boot.web.embedded.tomcat.TomcatWebServer 108 initialize - Tomcat initialized with port(s): 83 (http)
2022.07.09 17:14:41 CST INFO  org.apache.juli.logging.DirectJDKLog 173 log - Initializing ProtocolHandler ["http-nio-83"]
2022.07.09 17:14:41 CST INFO  org.apache.juli.logging.DirectJDKLog 173 log - Starting service [Tomcat]
2022.07.09 17:14:41 CST INFO  org.apache.juli.logging.DirectJDKLog 173 log - Starting Servlet engine: [Apache Tomcat/9.0.63]
2022.07.09 17:14:42 CST INFO  org.apache.juli.logging.DirectJDKLog 173 log - Initializing Spring embedded WebApplicationContext
2022.07.09 17:14:42 CST INFO  org.springframework.boot.web.servlet.context.ServletWebServerApplicationContext 292 prepareWebApplicationContext - Root WebApplicationContext: initialization completed in 6749 ms
2022.07.09 17:14:42 CST INFO  org.springframework.beans.factory.annotation.AutowiredAnnotationBeanPostProcessor 478 lambda$buildAutowiringMetadata$1 - Autowired annotation is not supported on static fields: public static org.springframework.context.MessageSource com.myadream.app.qiyang.service.utils.I18nMessageUtil.messageSource
2022.07.09 17:14:46 CST INFO  org.springframework.boot.devtools.autoconfigure.OptionalLiveReloadServer 58 startServer - LiveReload server is running on port 35729
2022.07.09 17:14:46 CST WARN  com.github.xiaoymin.knife4j.spring.extension.OpenApiExtensionResolver 142 readLocations - (Ignores) Failed to read Markdown files,Error Message:class path resource [sign/] cannot be resolved to URL because it does not exist 
2022.07.09 17:14:48 CST WARN  org.springframework.boot.autoconfigure.security.servlet.UserDetailsServiceAutoConfiguration 88 getOrDeducePassword - 

Using generated security password: 0ffed737-e8d2-42c6-8429-9d03b463615e

This generated password is for development use only. Your security configuration must be updated before running your application in production.

2022.07.09 17:14:48 CST INFO  org.springframework.security.web.DefaultSecurityFilterChain 55 <init> - Will secure any request with [org.springframework.security.web.session.DisableEncodeUrlFilter@43f8d014, org.springframework.security.web.context.request.async.WebAsyncManagerIntegrationFilter@29bc5b89, org.springframework.security.web.context.SecurityContextPersistenceFilter@5699cde9, org.springframework.security.web.header.HeaderWriterFilter@12ee1791, org.springframework.security.web.csrf.CsrfFilter@48a03dba, org.springframework.security.web.authentication.logout.LogoutFilter@2293d453, org.springframework.security.web.authentication.UsernamePasswordAuthenticationFilter@53b979ee, org.springframework.security.web.authentication.ui.DefaultLoginPageGeneratingFilter@6c85e11a, org.springframework.security.web.authentication.ui.DefaultLogoutPageGeneratingFilter@31523159, org.springframework.security.web.authentication.www.BasicAuthenticationFilter@7efaceb4, org.springframework.security.web.savedrequest.RequestCacheAwareFilter@202a3502, org.springframework.security.web.servletapi.SecurityContextHolderAwareRequestFilter@2e7d7299, org.springframework.security.web.authentication.AnonymousAuthenticationFilter@1975d6a9, org.springframework.security.web.session.SessionManagementFilter@1f1d6e5d, org.springframework.security.web.access.ExceptionTranslationFilter@312da80a, org.springframework.security.web.access.intercept.FilterSecurityInterceptor@4804455f]
2022.07.09 17:14:49 CST INFO  org.apache.juli.logging.DirectJDKLog 173 log - Starting ProtocolHandler ["http-nio-83"]
2022.07.09 17:14:49 CST INFO  org.springframework.boot.web.embedded.tomcat.TomcatWebServer 220 start - Tomcat started on port(s): 83 (http) with context path '/api'
2022.07.09 17:14:49 CST INFO  org.springframework.boot.StartupInfoLogger 61 logStarted - Started ApiApplication in 14.993 seconds (JVM running for 51.992)
2022.07.09 17:14:49 CST INFO  org.springframework.boot.devtools.autoconfigure.ConditionEvaluationDeltaLoggingListener 63 onApplicationEvent - Condition evaluation unchanged
2022.07.09 17:14:51 CST INFO  org.springframework.boot.StartupInfoLogger 55 logStarting - Starting ApiApplication using Java 18.0.1.1 on SC-202203161458 with PID 16332 (F:\soft\github\service-api-spring-boot\api\target\classes started by Administrator in F:\soft\github\service-api-spring-boot)
2022.07.09 17:14:51 CST INFO  org.springframework.boot.SpringApplication 640 logStartupProfileInfo - The following 8 profiles are active: "i18n", "redis", "jpa", "datasource", "jwt", "swagger", "flyway", "dev"
2022.07.09 17:14:54 CST INFO  org.springframework.data.repository.config.RepositoryConfigurationDelegate 262 multipleStoresDetected - Multiple Spring Data modules found, entering strict repository configuration mode!
2022.07.09 17:14:54 CST INFO  org.springframework.data.repository.config.RepositoryConfigurationDelegate 132 registerRepositoriesIn - Bootstrapping Spring Data Redis repositories in DEFAULT mode.
2022.07.09 17:14:54 CST INFO  org.springframework.data.repository.config.RepositoryConfigurationDelegate 201 registerRepositoriesIn - Finished Spring Data repository scanning in 4 ms. Found 0 Redis repository interfaces.
2022.07.09 17:14:58 CST INFO  org.springframework.boot.web.embedded.tomcat.TomcatWebServer 108 initialize - Tomcat initialized with port(s): 83 (http)
2022.07.09 17:14:58 CST INFO  org.apache.juli.logging.DirectJDKLog 173 log - Initializing ProtocolHandler ["http-nio-83"]
2022.07.09 17:14:58 CST INFO  org.apache.juli.logging.DirectJDKLog 173 log - Starting service [Tomcat]
2022.07.09 17:14:58 CST INFO  org.apache.juli.logging.DirectJDKLog 173 log - Starting Servlet engine: [Apache Tomcat/9.0.63]
2022.07.09 17:14:58 CST INFO  org.apache.juli.logging.DirectJDKLog 173 log - Initializing Spring embedded WebApplicationContext
2022.07.09 17:14:58 CST INFO  org.springframework.boot.web.servlet.context.ServletWebServerApplicationContext 292 prepareWebApplicationContext - Root WebApplicationContext: initialization completed in 6658 ms
2022.07.09 17:14:58 CST INFO  org.springframework.beans.factory.annotation.AutowiredAnnotationBeanPostProcessor 478 lambda$buildAutowiringMetadata$1 - Autowired annotation is not supported on static fields: public static org.springframework.context.MessageSource com.myadream.app.qiyang.service.utils.I18nMessageUtil.messageSource
2022.07.09 17:15:00 CST INFO  org.springframework.boot.devtools.autoconfigure.OptionalLiveReloadServer 58 startServer - LiveReload server is running on port 35729
2022.07.09 17:15:00 CST WARN  com.github.xiaoymin.knife4j.spring.extension.OpenApiExtensionResolver 142 readLocations - (Ignores) Failed to read Markdown files,Error Message:class path resource [sign/] cannot be resolved to URL because it does not exist 
2022.07.09 17:15:01 CST WARN  org.springframework.boot.autoconfigure.security.servlet.UserDetailsServiceAutoConfiguration 88 getOrDeducePassword - 

Using generated security password: 0c62715b-4ece-4b68-b117-404cdbcf8604

This generated password is for development use only. Your security configuration must be updated before running your application in production.

2022.07.09 17:15:02 CST INFO  org.springframework.security.web.DefaultSecurityFilterChain 55 <init> - Will secure any request with [org.springframework.security.web.session.DisableEncodeUrlFilter@373d9334, org.springframework.security.web.context.request.async.WebAsyncManagerIntegrationFilter@371065be, org.springframework.security.web.context.SecurityContextPersistenceFilter@5cd3429a, org.springframework.security.web.header.HeaderWriterFilter@280fa763, org.springframework.security.web.csrf.CsrfFilter@1ae3e1c9, org.springframework.security.web.authentication.logout.LogoutFilter@2e45585, org.springframework.security.web.authentication.UsernamePasswordAuthenticationFilter@b274b34, org.springframework.security.web.authentication.ui.DefaultLoginPageGeneratingFilter@4e7982a5, org.springframework.security.web.authentication.ui.DefaultLogoutPageGeneratingFilter@6dff683, org.springframework.security.web.authentication.www.BasicAuthenticationFilter@56b4f1ef, org.springframework.security.web.savedrequest.RequestCacheAwareFilter@6a9caee, org.springframework.security.web.servletapi.SecurityContextHolderAwareRequestFilter@18c81f42, org.springframework.security.web.authentication.AnonymousAuthenticationFilter@7795543e, org.springframework.security.web.session.SessionManagementFilter@59bb1dcd, org.springframework.security.web.access.ExceptionTranslationFilter@a3b3678, org.springframework.security.web.access.intercept.FilterSecurityInterceptor@22c44d20]
2022.07.09 17:15:02 CST INFO  org.apache.juli.logging.DirectJDKLog 173 log - Starting ProtocolHandler ["http-nio-83"]
2022.07.09 17:15:02 CST INFO  org.springframework.boot.web.embedded.tomcat.TomcatWebServer 220 start - Tomcat started on port(s): 83 (http) with context path '/api'
2022.07.09 17:15:03 CST INFO  org.springframework.boot.StartupInfoLogger 61 logStarted - Started ApiApplication in 12.037 seconds (JVM running for 65.923)
2022.07.09 17:15:03 CST INFO  org.springframework.boot.devtools.autoconfigure.ConditionEvaluationDeltaLoggingListener 63 onApplicationEvent - Condition evaluation unchanged
2022.07.09 17:20:00 CST INFO  org.springframework.boot.StartupInfoLogger 55 logStarting - Starting ApiApplication using Java 18.0.1.1 on SC-202203161458 with PID 16332 (F:\soft\github\service-api-spring-boot\api\target\classes started by Administrator in F:\soft\github\service-api-spring-boot)
2022.07.09 17:20:00 CST INFO  org.springframework.boot.SpringApplication 640 logStartupProfileInfo - The following 8 profiles are active: "i18n", "redis", "jpa", "datasource", "jwt", "swagger", "flyway", "dev"
2022.07.09 17:20:03 CST INFO  org.springframework.data.repository.config.RepositoryConfigurationDelegate 262 multipleStoresDetected - Multiple Spring Data modules found, entering strict repository configuration mode!
2022.07.09 17:20:03 CST INFO  org.springframework.data.repository.config.RepositoryConfigurationDelegate 132 registerRepositoriesIn - Bootstrapping Spring Data Redis repositories in DEFAULT mode.
2022.07.09 17:20:03 CST INFO  org.springframework.data.repository.config.RepositoryConfigurationDelegate 201 registerRepositoriesIn - Finished Spring Data repository scanning in 6 ms. Found 0 Redis repository interfaces.
2022.07.09 17:20:03 CST INFO  org.springframework.boot.web.embedded.tomcat.TomcatWebServer 108 initialize - Tomcat initialized with port(s): 83 (http)
2022.07.09 17:20:03 CST INFO  org.apache.juli.logging.DirectJDKLog 173 log - Initializing ProtocolHandler ["http-nio-83"]
2022.07.09 17:20:03 CST INFO  org.apache.juli.logging.DirectJDKLog 173 log - Starting service [Tomcat]
2022.07.09 17:20:03 CST INFO  org.apache.juli.logging.DirectJDKLog 173 log - Starting Servlet engine: [Apache Tomcat/9.0.63]
2022.07.09 17:20:04 CST INFO  org.apache.juli.logging.DirectJDKLog 173 log - Initializing Spring embedded WebApplicationContext
2022.07.09 17:20:04 CST INFO  org.springframework.boot.web.servlet.context.ServletWebServerApplicationContext 292 prepareWebApplicationContext - Root WebApplicationContext: initialization completed in 3627 ms
2022.07.09 17:20:04 CST INFO  com.github.xiaoymin.knife4j.spring.configuration.Knife4jAutoConfiguration 58 corsFilter - init CorsFilter...
2022.07.09 17:20:04 CST WARN  org.springframework.context.support.AbstractApplicationContext 591 refresh - Exception encountered during context initialization - cancelling refresh attempt: org.springframework.beans.factory.BeanCreationException: Error creating bean with name 'conf/test': Lookup method resolution failed; nested exception is java.lang.IllegalStateException: Failed to introspect Class [com.myadream.app.qiyang.api.controller.TestController] from ClassLoader [org.springframework.boot.devtools.restart.classloader.RestartClassLoader@4de124c2]
2022.07.09 17:20:04 CST INFO  org.apache.juli.logging.DirectJDKLog 173 log - Stopping service [Tomcat]
2022.07.09 17:20:04 CST INFO  org.springframework.boot.autoconfigure.logging.ConditionEvaluationReportLoggingListener 136 logMessage - 

Error starting ApplicationContext. To display the conditions report re-run your application with 'debug' enabled.
2022.07.09 17:20:17 CST INFO  org.springframework.boot.StartupInfoLogger 55 logStarting - Starting ApiApplication using Java 18.0.1.1 on SC-202203161458 with PID 16332 (F:\soft\github\service-api-spring-boot\api\target\classes started by Administrator in F:\soft\github\service-api-spring-boot)
2022.07.09 17:20:17 CST INFO  org.springframework.boot.SpringApplication 640 logStartupProfileInfo - The following 8 profiles are active: "i18n", "redis", "jpa", "datasource", "jwt", "swagger", "flyway", "dev"
2022.07.09 17:20:19 CST INFO  org.springframework.data.repository.config.RepositoryConfigurationDelegate 262 multipleStoresDetected - Multiple Spring Data modules found, entering strict repository configuration mode!
2022.07.09 17:20:19 CST INFO  org.springframework.data.repository.config.RepositoryConfigurationDelegate 132 registerRepositoriesIn - Bootstrapping Spring Data Redis repositories in DEFAULT mode.
2022.07.09 17:20:19 CST INFO  org.springframework.data.repository.config.RepositoryConfigurationDelegate 201 registerRepositoriesIn - Finished Spring Data repository scanning in 2 ms. Found 0 Redis repository interfaces.
2022.07.09 17:20:21 CST INFO  org.springframework.boot.web.embedded.tomcat.TomcatWebServer 108 initialize - Tomcat initialized with port(s): 83 (http)
2022.07.09 17:20:21 CST INFO  org.apache.juli.logging.DirectJDKLog 173 log - Initializing ProtocolHandler ["http-nio-83"]
2022.07.09 17:20:21 CST INFO  org.apache.juli.logging.DirectJDKLog 173 log - Starting service [Tomcat]
2022.07.09 17:20:21 CST INFO  org.apache.juli.logging.DirectJDKLog 173 log - Starting Servlet engine: [Apache Tomcat/9.0.63]
2022.07.09 17:20:23 CST INFO  org.apache.juli.logging.DirectJDKLog 173 log - Initializing Spring embedded WebApplicationContext
2022.07.09 17:20:23 CST INFO  org.springframework.boot.web.servlet.context.ServletWebServerApplicationContext 292 prepareWebApplicationContext - Root WebApplicationContext: initialization completed in 5639 ms
2022.07.09 17:20:23 CST INFO  org.springframework.beans.factory.annotation.AutowiredAnnotationBeanPostProcessor 478 lambda$buildAutowiringMetadata$1 - Autowired annotation is not supported on static fields: public static org.springframework.context.MessageSource com.myadream.app.qiyang.service.utils.I18nMessageUtil.messageSource
2022.07.09 17:20:30 CST INFO  org.springframework.boot.devtools.autoconfigure.OptionalLiveReloadServer 58 startServer - LiveReload server is running on port 35729
2022.07.09 17:20:31 CST WARN  com.github.xiaoymin.knife4j.spring.extension.OpenApiExtensionResolver 142 readLocations - (Ignores) Failed to read Markdown files,Error Message:class path resource [sign/] cannot be resolved to URL because it does not exist 
2022.07.09 17:20:33 CST WARN  org.springframework.boot.autoconfigure.security.servlet.UserDetailsServiceAutoConfiguration 88 getOrDeducePassword - 

Using generated security password: 85215bab-de7b-4c0f-b8e9-e2fad6c934ed

This generated password is for development use only. Your security configuration must be updated before running your application in production.

2022.07.09 17:20:34 CST INFO  org.springframework.security.web.DefaultSecurityFilterChain 55 <init> - Will secure any request with [org.springframework.security.web.session.DisableEncodeUrlFilter@4203b716, org.springframework.security.web.context.request.async.WebAsyncManagerIntegrationFilter@3fc0ac28, org.springframework.security.web.context.SecurityContextPersistenceFilter@3e4563dd, org.springframework.security.web.header.HeaderWriterFilter@3a27b8ba, org.springframework.security.web.csrf.CsrfFilter@2cb72b86, org.springframework.security.web.authentication.logout.LogoutFilter@8ce0aa6, org.springframework.security.web.authentication.UsernamePasswordAuthenticationFilter@15d81454, org.springframework.security.web.authentication.ui.DefaultLoginPageGeneratingFilter@36fa68f5, org.springframework.security.web.authentication.ui.DefaultLogoutPageGeneratingFilter@6a6f7530, org.springframework.security.web.authentication.www.BasicAuthenticationFilter@1d3c4c04, org.springframework.security.web.savedrequest.RequestCacheAwareFilter@41500db9, org.springframework.security.web.servletapi.SecurityContextHolderAwareRequestFilter@453a0e76, org.springframework.security.web.authentication.AnonymousAuthenticationFilter@154c4815, org.springframework.security.web.session.SessionManagementFilter@2bbb8637, org.springframework.security.web.access.ExceptionTranslationFilter@4141f90, org.springframework.security.web.access.intercept.FilterSecurityInterceptor@7890a5c3]
2022.07.09 17:20:34 CST INFO  org.apache.juli.logging.DirectJDKLog 173 log - Starting ProtocolHandler ["http-nio-83"]
2022.07.09 17:20:34 CST INFO  org.springframework.boot.web.embedded.tomcat.TomcatWebServer 220 start - Tomcat started on port(s): 83 (http) with context path '/api'
2022.07.09 17:20:34 CST INFO  org.springframework.boot.StartupInfoLogger 61 logStarted - Started ApiApplication in 17.479 seconds (JVM running for 397.09)
2022.07.09 17:20:34 CST INFO  org.springframework.boot.devtools.autoconfigure.ConditionEvaluationDeltaLoggingListener 63 onApplicationEvent - Condition evaluation unchanged
2022.07.09 17:38:47 CST INFO  org.hibernate.validator.internal.util.Version 21 <clinit> - HV000001: Hibernate Validator 6.0.10.Final
2022.07.09 17:38:47 CST INFO  org.springframework.boot.StartupInfoLogger 55 logStarting - Starting ApiApplication using Java 18.0.1.1 on SC-202203161458 with PID 18676 (F:\soft\github\service-api-spring-boot\target\classes started by Administrator in F:\soft\github\service-api-spring-boot)
2022.07.09 17:38:47 CST INFO  org.springframework.boot.SpringApplication 640 logStartupProfileInfo - The following 8 profiles are active: "i18n", "redis", "jpa", "datasource", "jwt", "swagger", "flyway", "dev"
2022.07.09 17:38:47 CST INFO  org.springframework.boot.logging.DeferredLog 255 logTo - Devtools property defaults active! Set 'spring.devtools.add-properties' to 'false' to disable
2022.07.09 17:38:47 CST INFO  org.springframework.boot.logging.DeferredLog 255 logTo - For additional web related logging consider setting the 'logging.level.web' property to 'DEBUG'
2022.07.09 17:38:53 CST INFO  org.springframework.data.repository.config.RepositoryConfigurationDelegate 262 multipleStoresDetected - Multiple Spring Data modules found, entering strict repository configuration mode!
2022.07.09 17:38:53 CST INFO  org.springframework.data.repository.config.RepositoryConfigurationDelegate 132 registerRepositoriesIn - Bootstrapping Spring Data Redis repositories in DEFAULT mode.
2022.07.09 17:38:53 CST INFO  org.springframework.data.repository.config.RepositoryConfigurationDelegate 201 registerRepositoriesIn - Finished Spring Data repository scanning in 12 ms. Found 0 Redis repository interfaces.
2022.07.09 17:38:55 CST INFO  org.springframework.boot.web.embedded.tomcat.TomcatWebServer 108 initialize - Tomcat initialized with port(s): 83 (http)
2022.07.09 17:38:55 CST INFO  org.apache.juli.logging.DirectJDKLog 173 log - Initializing ProtocolHandler ["http-nio-83"]
2022.07.09 17:38:55 CST INFO  org.apache.juli.logging.DirectJDKLog 173 log - Starting service [Tomcat]
2022.07.09 17:38:55 CST INFO  org.apache.juli.logging.DirectJDKLog 173 log - Starting Servlet engine: [Apache Tomcat/9.0.63]
2022.07.09 17:38:56 CST INFO  org.apache.juli.logging.DirectJDKLog 173 log - Initializing Spring embedded WebApplicationContext
2022.07.09 17:38:56 CST INFO  org.springframework.boot.web.servlet.context.ServletWebServerApplicationContext 292 prepareWebApplicationContext - Root WebApplicationContext: initialization completed in 8679 ms
2022.07.09 17:38:56 CST INFO  org.springframework.beans.factory.annotation.AutowiredAnnotationBeanPostProcessor 478 lambda$buildAutowiringMetadata$1 - Autowired annotation is not supported on static fields: public static org.springframework.context.MessageSource com.myadream.app.qiyang.service.utils.I18nMessageUtil.messageSource
2022.07.09 17:38:58 CST INFO  org.springframework.boot.devtools.autoconfigure.OptionalLiveReloadServer 58 startServer - LiveReload server is running on port 35729
2022.07.09 17:38:58 CST WARN  com.github.xiaoymin.knife4j.spring.extension.OpenApiExtensionResolver 142 readLocations - (Ignores) Failed to read Markdown files,Error Message:class path resource [sign/] cannot be resolved to URL because it does not exist 
2022.07.09 17:38:58 CST WARN  org.springframework.boot.autoconfigure.security.servlet.UserDetailsServiceAutoConfiguration 88 getOrDeducePassword - 

Using generated security password: cb1f4c4d-e67f-492f-9717-951098273911

This generated password is for development use only. Your security configuration must be updated before running your application in production.

2022.07.09 17:38:58 CST INFO  org.springframework.security.web.DefaultSecurityFilterChain 55 <init> - Will secure any request with [org.springframework.security.web.session.DisableEncodeUrlFilter@1913cc51, org.springframework.security.web.context.request.async.WebAsyncManagerIntegrationFilter@757fd66a, org.springframework.security.web.context.SecurityContextPersistenceFilter@513ccda8, org.springframework.security.web.header.HeaderWriterFilter@183f8b99, org.springframework.security.web.csrf.CsrfFilter@4352b7d4, org.springframework.security.web.authentication.logout.LogoutFilter@ea5d796, org.springframework.security.web.authentication.UsernamePasswordAuthenticationFilter@5c6b8835, org.springframework.security.web.authentication.ui.DefaultLoginPageGeneratingFilter@608c39c3, org.springframework.security.web.authentication.ui.DefaultLogoutPageGeneratingFilter@3001cfd2, org.springframework.security.web.authentication.www.BasicAuthenticationFilter@27cebe32, org.springframework.security.web.savedrequest.RequestCacheAwareFilter@7253899, org.springframework.security.web.servletapi.SecurityContextHolderAwareRequestFilter@13832e23, org.springframework.security.web.authentication.AnonymousAuthenticationFilter@d634224, org.springframework.security.web.session.SessionManagementFilter@7b826392, org.springframework.security.web.access.ExceptionTranslationFilter@609f4e6d, org.springframework.security.web.access.intercept.FilterSecurityInterceptor@7412bbbe]
2022.07.09 17:38:59 CST INFO  org.apache.juli.logging.DirectJDKLog 173 log - Starting ProtocolHandler ["http-nio-83"]
2022.07.09 17:38:59 CST INFO  org.springframework.boot.web.embedded.tomcat.TomcatWebServer 220 start - Tomcat started on port(s): 83 (http) with context path '/api'
2022.07.09 17:38:59 CST INFO  org.springframework.boot.StartupInfoLogger 61 logStarted - Started ApiApplication in 13.177 seconds (JVM running for 16.89)
